{"/Users/mp/Documents/Code/Actual/actual-tt/components/Column.tsx": {"path":"/Users/mp/Documents/Code/Actual/actual-tt/components/Column.tsx","statementMap":{"0":{"start":{"line":1,"column":0},"end":{"line":1,"column":26}},"1":{"start":{"line":2,"column":0},"end":{"line":2,"column":30}},"2":{"start":{"line":8,"column":32},"end":{"line":33,"column":1}},"3":{"start":{"line":9,"column":2},"end":{"line":32,"column":4}},"4":{"start":{"line":35,"column":0},"end":{"line":35,"column":22}}},"fnMap":{"0":{"name":"(anonymous_1)","decl":{"start":{"line":8,"column":32},"end":{"line":8,"column":33}},"loc":{"start":{"line":8,"column":49},"end":{"line":33,"column":1}}}},"branchMap":{},"s":{"0":1,"1":1,"2":1,"3":2,"4":1},"f":{"0":2},"b":{}}
,"/Users/mp/Documents/Code/Actual/actual-tt/components/Square.tsx": {"path":"/Users/mp/Documents/Code/Actual/actual-tt/components/Square.tsx","statementMap":{"0":{"start":{"line":1,"column":0},"end":{"line":1,"column":26}},"1":{"start":{"line":7,"column":32},"end":{"line":28,"column":1}},"2":{"start":{"line":8,"column":2},"end":{"line":27,"column":4}},"3":{"start":{"line":30,"column":0},"end":{"line":30,"column":22}}},"fnMap":{"0":{"name":"(anonymous_1)","decl":{"start":{"line":7,"column":32},"end":{"line":7,"column":33}},"loc":{"start":{"line":7,"column":49},"end":{"line":28,"column":1}}}},"branchMap":{},"s":{"0":2,"1":2,"2":12,"3":2},"f":{"0":12},"b":{}}
,"/Users/mp/Documents/Code/Actual/actual-tt/helpers/helpers.ts": {"path":"/Users/mp/Documents/Code/Actual/actual-tt/helpers/helpers.ts","statementMap":{"0":{"start":{"line":1,"column":13},"end":{"line":1,"column":42}},"1":{"start":{"line":3,"column":29},"end":{"line":8,"column":1}},"2":{"start":{"line":4,"column":2},"end":{"line":6,"column":null}},"3":{"start":{"line":4,"column":23},"end":{"line":4,"column":24}},"4":{"start":{"line":5,"column":4},"end":{"line":5,"column":55}},"5":{"start":{"line":7,"column":2},"end":{"line":7,"column":19}},"6":{"start":{"line":3,"column":13},"end":{"line":3,"column":29}}},"fnMap":{"0":{"name":"(anonymous_0)","decl":{"start":{"line":3,"column":29},"end":{"line":3,"column":30}},"loc":{"start":{"line":3,"column":45},"end":{"line":8,"column":1}}}},"branchMap":{},"s":{"0":1,"1":1,"2":1,"3":1,"4":4,"5":1,"6":1},"f":{"0":1},"b":{}}
}
